Arguments: 
  /home/mochivani/.nvm/versions/node/v17.0.1/bin/node /usr/share/yarn/bin/yarn.js init

PATH: 
  /home/mochivani/.nvm/versions/node/v17.0.1/bin:/home/mochivani/.local/bin:/usr/local/sbin:/usr/local/bin:/usr/sbin:/usr/bin:/sbin:/bin:/usr/games:/usr/local/games:/snap/bin:/home/mochivani/.fzf/bin:~/git:~/sdk
  /flutter/bin

Yarn version: 
  1.22.15

Node version: 
  17.0.1

Platform: 
  linux x64

Trace: 
  SyntaxError: /home/mochivani/Desktop/Flask-web-starter/package.json: Unexpected end of JSON input
      at JSON.parse (<anonymous>)
      at /usr/share/yarn/lib/cli.js:1625:59
      at Generator.next (<anonymous>)
      at step (/usr/share/yarn/lib/cli.js:310:30)
      at /usr/share/yarn/lib/cli.js:321:13

npm manifest: 
  

yarn manifest: 
  No manifest

Lockfile: 
  No lockfile
